-------------------------------------------------------------------------------
Test set: com.YobossApp_11.Yobossapp.YobossappApplicationTests
-------------------------------------------------------------------------------
Tests run: 1, Failures: 0, Errors: 1, Skipped: 0, Time elapsed: 2.977 s <<< FAILURE! - in com.YobossApp_11.Yobossapp.YobossappApplicationTests
contextLoads  Time elapsed: 0.002 s  <<< ERROR!
java.lang.IllegalStateException: Failed to load ApplicationContext for [WebMergedContextConfiguration@5265a8dd testClass = com.YobossApp_11.Yobossapp.YobossappApplicationTests, locations = [], classes = [com.YobossApp_11.Yobossapp.YobossappApplication], contextInitializerClasses = [], activeProfiles = [], propertySourceLocations = [], propertySourceProperties = ["org.springframework.boot.test.context.SpringBootTestContextBootstrapper=true"], contextCustomizers = [org.springframework.boot.test.context.filter.ExcludeFilterContextCustomizer@73e9cf30, org.springframework.boot.test.json.DuplicateJsonObjectContextCustomizerFactory$DuplicateJsonObjectContextCustomizer@3527942a, org.springframework.boot.test.mock.mockito.MockitoContextCustomizer@0, org.springframework.boot.test.web.client.TestRestTemplateContextCustomizer@65c7a252, org.springframework.boot.test.autoconfigure.actuate.observability.ObservabilityContextCustomizerFactory$DisableObservabilityContextCustomizer@9da1, org.springframework.boot.test.autoconfigure.properties.PropertyMappingContextCustomizer@0, org.springframework.boot.test.autoconfigure.web.servlet.WebDriverContextCustomizerFactory$Customizer@1ed4ae0f, org.springframework.boot.test.context.SpringBootTestAnnotation@e348e9fb], resourceBasePath = "src/main/webapp", contextLoader = org.springframework.boot.test.context.SpringBootContextLoader, parent = null]
Caused by: org.springframework.beans.factory.UnsatisfiedDependencyException: Error creating bean with name 'usuarioController': Unsatisfied dependency expressed through field 'usuarioService': Error creating bean with name 'usuarioService': Unsatisfied dependency expressed through field 'usuarioRepository': Error creating bean with name 'usuarioRepository' defined in com.YobossApp_11.Yobossapp.repositories.UsuarioRepository defined in @EnableJpaRepositories declared on JpaRepositoriesRegistrar.EnableJpaRepositoriesConfiguration: Could not create query for public abstract java.util.ArrayList com.YobossApp_11.Yobossapp.repositories.UsuarioRepository.findByPrioridad(java.lang.Integer); Reason: Failed to create query for method public abstract java.util.ArrayList com.YobossApp_11.Yobossapp.repositories.UsuarioRepository.findByPrioridad(java.lang.Integer); No property 'prioridad' found for type 'UsuarioModel'
Caused by: org.springframework.beans.factory.UnsatisfiedDependencyException: Error creating bean with name 'usuarioService': Unsatisfied dependency expressed through field 'usuarioRepository': Error creating bean with name 'usuarioRepository' defined in com.YobossApp_11.Yobossapp.repositories.UsuarioRepository defined in @EnableJpaRepositories declared on JpaRepositoriesRegistrar.EnableJpaRepositoriesConfiguration: Could not create query for public abstract java.util.ArrayList com.YobossApp_11.Yobossapp.repositories.UsuarioRepository.findByPrioridad(java.lang.Integer); Reason: Failed to create query for method public abstract java.util.ArrayList com.YobossApp_11.Yobossapp.repositories.UsuarioRepository.findByPrioridad(java.lang.Integer); No property 'prioridad' found for type 'UsuarioModel'
Caused by: org.springframework.beans.factory.BeanCreationException: Error creating bean with name 'usuarioRepository' defined in com.YobossApp_11.Yobossapp.repositories.UsuarioRepository defined in @EnableJpaRepositories declared on JpaRepositoriesRegistrar.EnableJpaRepositoriesConfiguration: Could not create query for public abstract java.util.ArrayList com.YobossApp_11.Yobossapp.repositories.UsuarioRepository.findByPrioridad(java.lang.Integer); Reason: Failed to create query for method public abstract java.util.ArrayList com.YobossApp_11.Yobossapp.repositories.UsuarioRepository.findByPrioridad(java.lang.Integer); No property 'prioridad' found for type 'UsuarioModel'
Caused by: org.springframework.data.repository.query.QueryCreationException: Could not create query for public abstract java.util.ArrayList com.YobossApp_11.Yobossapp.repositories.UsuarioRepository.findByPrioridad(java.lang.Integer); Reason: Failed to create query for method public abstract java.util.ArrayList com.YobossApp_11.Yobossapp.repositories.UsuarioRepository.findByPrioridad(java.lang.Integer); No property 'prioridad' found for type 'UsuarioModel'
Caused by: java.lang.IllegalArgumentException: Failed to create query for method public abstract java.util.ArrayList com.YobossApp_11.Yobossapp.repositories.UsuarioRepository.findByPrioridad(java.lang.Integer); No property 'prioridad' found for type 'UsuarioModel'
Caused by: org.springframework.data.mapping.PropertyReferenceException: No property 'prioridad' found for type 'UsuarioModel'

